<?xml version="1.0" encoding="UTF-8"?>
<!-- Generated by org.testng.reporters.JUnitReportReporter -->
<testsuite hostname="DESKTOP-59EA1U5" failures="0" tests="2" name="Selenium.TestNG.day2" time="0.004" errors="0" timestamp="2022-10-18T19:58:14 ART" skipped="0">
  <testcase classname="Selenium.TestNG.day2" name="ploan2" time="0.002"/>
  <system-out/>
  <testcase classname="Selenium.TestNG.day2" name="ploan" time="0.002"/>
  <system-out/>
</testsuite> <!-- Selenium.TestNG.day2 -->
