<?xml version="1.0" encoding="UTF-8"?>
<!-- Generated by org.testng.reporters.JUnitReportReporter -->
<testsuite hostname="CHFNT0008" failures="0" tests="4" name="Selenium.TestNG.day1" time="0.007" errors="0" timestamp="2022-11-10T15:29:02 UYT" skipped="0">
  <testcase classname="Selenium.TestNG.day1" name="Zemo" time="0.004"/>
  <system-out/>
  <testcase classname="Selenium.TestNG.day1" name="SecondTest" time="0.001"/>
  <system-out/>
  <testcase classname="Selenium.TestNG.day1" name="testcase1" time="0.001"/>
  <system-out/>
  <testcase classname="Selenium.TestNG.day1" name="SecondTest" time="0.001"/>
  <system-out/>
</testsuite> <!-- Selenium.TestNG.day1 -->
