<?xml version="1.0" encoding="UTF-8"?>
<!-- Generated by org.testng.reporters.JUnitReportReporter -->
<testsuite hostname="CHFNT0008" failures="0" tests="7" name="Java.metodoStream" time="0.029" errors="0" timestamp="2022-11-10T15:23:50 UYT" skipped="0">
  <testcase classname="Java.metodoStream" name="stream" time="0.012"/>
  <system-out/>
  <testcase classname="Java.metodoStream" name="streamColletion" time="0.001"/>
  <system-out/>
  <testcase classname="Java.metodoStream" name="streamMap" time="0.003"/>
  <system-out/>
  <testcase classname="Java.metodoStream" name="streamdistinct" time="0.001"/>
  <system-out/>
  <testcase classname="Java.metodoStream" name="streamConcat" time="0.004"/>
  <system-out/>
  <testcase classname="Java.metodoStream" name="streamFilter" time="0.005"/>
  <system-out/>
  <testcase classname="Java.metodoStream" name="streamSorted" time="0.003"/>
  <system-out/>
</testsuite> <!-- Java.metodoStream -->
